<?xml version="1.0" encoding="UTF-8"?>
<!-- Generated by org.testng.reporters.JUnitReportReporter -->
<testsuite skipped="0" hostname="PG01CBAC" name="TC_001_SmokeTest" tests="1" failures="0" timestamp="18 Feb 2019 13:11:12 GMT" time="7.733" errors="0">
  <testcase name="smokeTest" time="7.733" classname="TC_001_SmokeTest"/>
</testsuite> <!-- TC_001_SmokeTest -->
