<?xml version="1.0" encoding="UTF-8"?>
<!-- Generated by org.testng.reporters.JUnitReportReporter -->
<testsuite skipped="0" hostname="PG01CBAC" name="SmokeSuite.TC_001_SmokeTest" tests="1" failures="0" timestamp="18 Feb 2019 13:13:53 GMT" time="6.123" errors="0">
  <testcase name="smokeTest" time="6.123" classname="SmokeSuite.TC_001_SmokeTest"/>
</testsuite> <!-- SmokeSuite.TC_001_SmokeTest -->
